Started by upstream project "[8mha:AAAAnx+LCAAAAAAAAP9b85aBtbiIQTGjNKU4P08vOT+vOD8nVc83PyU1x6OyILUoJzMv2y+/JJUBAhiZGBgqihhk0NSjKDWzXb3RdlLBUSYGJk8GtpzUvPSSDB8G5tKinBIGIZ+sxLJE/ZzEvHT94JKizLx0a6BxUmjGOUNodHsLgAzeEgZh/az8JH3HnMSi3ODUnNTkkvwifQAaCKXFyAAAAA==[0mAlarmSelector" build number [8mha:AAAAoR+LCAAAAAAAAP9b85aBtbiIQTGjNKU4P08vOT+vOD8nVc83PyU1x6OyILUoJzMv2y+/JJUBAhiZGBgqihhk0NSjKDWzXb3RdlLBUSYGJk8GtpzUvPSSDB8G5tKinBIGIZ+sxLJE/ZzEvHT94JKizLx0a6BxUmjGOUNodHsLgAymEgZR/az8JH3HnMSi3ODUnNTkkvwifUsTACPptUDKAAAA[0m94
originally caused by:
 Started by user [8mha:AAAAmR+LCAAAAAAAAP9b85aBtbiIQTGjNKU4P08vOT+vOD8nVc83PyU1x6OyILUoJzMv2y+/JJUBAhiZGBgqihhk0NSjKDWzXb3RdlLBUSYGJk8GtpzUvPSSDB8G5tKinBIGIZ+sxLJE/ZzEvHT94JKizLx0a6BxUmjGOUNodHsLgAzREgZe/dLi1CL9pPy8/LzMRAAgtO4EwgAAAA==[0mLerko Araya Hernandez
Building in workspace /var/lib/jenkins/workspace/AlarmSummaryMailSender
No emails were triggered.
No emails were triggered.
[AlarmSummaryMailSender] $ /bin/sh -xe /tmp/hudson6091136099582059714.sh
+ python /home/lerko/alma-buckets/src/main.py -l 15m -p WARNING '*' -c /home/lerko/alma-buckets/buckets.json
usage: main.py [-h] [-l LAST] [-f FROM_TIME] [-t TO_TIME] [-c CONFIG] query
main.py: error: unrecognized arguments: -p *
Build step 'Run with timeout' marked build as failure
No emails were triggered.
No emails were triggered.
Finished: FAILURE
